#
# There is insufficient memory for the Java Runtime Environment to continue.
# Native memory allocation (malloc) failed to allocate 1775056 bytes for Chunk::new
# Possible reasons:
#   The system is out of physical RAM or swap space
#   In 32 bit mode, the process size limit was hit
# Possible solutions:
#   Reduce memory load on the system
#   Increase physical memory or swap space
#   Check if swap backing store is full
#   Use 64 bit Java on a 64 bit OS
#   Decrease Java heap size (-Xmx/-Xms)
#   Decrease number of Java threads
#   Decrease Java thread stack sizes (-Xss)
#   Set larger code cache with -XX:ReservedCodeCacheSize=
# This output file may be truncated or incomplete.
#
#  Out of Memory Error (allocation.cpp:390), pid=1444, tid=0x00000000000018d8
#
# JRE version: Java(TM) SE Runtime Environment (8.0_181-b13) (build 1.8.0_181-b13)
# Java VM: Java HotSpot(TM) 64-Bit Server VM (25.181-b13 mixed mode windows-amd64 compressed oops)
# Failed to write core dump. Minidumps are not enabled by default on client versions of Windows
#

---------------  T H R E A D  ---------------

Current thread (0x0000000013f38800):  JavaThread "C2 CompilerThread0" daemon [_thread_in_native, id=6360, stack(0x0000000014f40000,0x0000000015040000)]

Stack: [0x0000000014f40000,0x0000000015040000]
[error occurred during error reporting (printing stack bounds), id 0xc0000005]

Native frames: (J=compiled Java code, j=interpreted, Vv=VM code, C=native code)


Current CompileTask:
C2:  79616 3328       4       org.springframework.core.ResolvableType::as (86 bytes)


---------------  P R O C E S S  ---------------

Java Threads: ( => current thread )
  0x0000000015733800 JavaThread "container-0" [_thread_blocked, id=7040, stack(0x000000001ace0000,0x000000001ade0000)]
  0x0000000016e2c000 JavaThread "ContainerBackgroundProcessor[StandardEngine[Tomcat]]" daemon [_thread_blocked, id=7800, stack(0x000000001abe0000,0x000000001ace0000)]
  0x0000000016d02800 JavaThread "localhost-startStop-1" daemon [_thread_blocked, id=9560, stack(0x000000001aae0000,0x000000001abe0000)]
  0x0000000015c7d000 JavaThread "Tomcat-startStop-1" daemon [_thread_blocked, id=3184, stack(0x000000001a9e0000,0x000000001aae0000)]
  0x0000000013f9a800 JavaThread "Service Thread" daemon [_thread_blocked, id=7160, stack(0x0000000015140000,0x0000000015240000)]
  0x0000000013f3a800 JavaThread "C1 CompilerThread1" daemon [_thread_blocked, id=2248, stack(0x0000000015040000,0x0000000015140000)]
=>0x0000000013f38800 JavaThread "C2 CompilerThread0" daemon [_thread_in_native, id=6360, stack(0x0000000014f40000,0x0000000015040000)]
  0x0000000013f37000 JavaThread "Attach Listener" daemon [_thread_blocked, id=1512, stack(0x0000000014e40000,0x0000000014f40000)]
  0x0000000013f31800 JavaThread "Signal Dispatcher" daemon [_thread_blocked, id=1612, stack(0x0000000014d40000,0x0000000014e40000)]
  0x0000000013f18800 JavaThread "Finalizer" daemon [_thread_blocked, id=448, stack(0x0000000014b60000,0x0000000014c60000)]
  0x0000000002d5f800 JavaThread "Reference Handler" daemon [_thread_blocked, id=9248, stack(0x0000000014a60000,0x0000000014b60000)]
  0x0000000002c73800 JavaThread "main" [_thread_in_vm, id=7888, stack(0x0000000002b10000,0x0000000002c10000)]

Other Threads:
  0x0000000013ef7000 VMThread [stack: 0x0000000014960000,0x0000000014a60000] [id=6848]
  0x0000000013fa5800 WatcherThread [stack: 0x0000000015240000,0x0000000015340000] [id=7188]

VM state:not at safepoint (normal execution)

VM Mutex/Monitor currently owned by a thread: None

Heap:
 PSYoungGen      total 66560K, used 1804K [0x00000000f5d00000, 0x00000000fbf00000, 0x0000000100000000)
  eden space 60928K, 2% used [0x00000000f5d00000,0x00000000f5ec3100,0x00000000f9880000)
  from space 5632K, 0% used [0x00000000fa300000,0x00000000fa300000,0x00000000fa880000)
  to   space 10752K, 0% used [0x00000000f9880000,0x00000000f9880000,0x00000000fa300000)
 ParOldGen       total 22528K, used 19209K [0x00000000e1600000, 0x00000000e2c00000, 0x00000000f5d00000)
  object space 22528K, 85% used [0x00000000e1600000,0x00000000e28c25a0,0x00000000e2c00000)
 Metaspace       used 32296K, capacity 33544K, committed 33840K, reserved 1079296K
  class space    used 4123K, capacity 4382K, committed 4400K, reserved 1048576K

Card table byte_map: [0x00000000121d0000,0x00000000122d0000] byte_map_base: 0x0000000011ac5000

Marking Bits: (ParMarkBitMap*) 0x000000006a792d00
 Begin Bits: [0x0000000012580000, 0x0000000012d28000)
 End Bits:   [0x0000000012d28000, 0x00000000134d0000)

Polling page: 0x0000000001390000

CodeCache: size=245760Kb used=10879Kb max_used=11193Kb free=234880Kb
 bounds [0x0000000002e10000, 0x0000000003910000, 0x0000000011e10000]
 total_blobs=3363 nmethods=2957 adapters=319
 compilation: enabled

Compilation events (10 events):
Event: 78.567 Thread 0x0000000013f3a800 nmethod 3323 0x00000000034c20d0 code [0x00000000034c2300, 0x00000000034c2ec8]
Event: 78.597 Thread 0x0000000013f38800 3324       4       org.springframework.context.annotation.ConfigurationClassBeanDefinitionReader$ConfigurationClassBeanDefinition::isFactoryMethod (21 bytes)
Event: 78.625 Thread 0x0000000013f38800 nmethod 3324 0x00000000033dad10 code [0x00000000033daec0, 0x00000000033db3f0]
Event: 78.654 Thread 0x0000000013f38800 3325       4       java.io.File::exists (43 bytes)
Event: 78.662 Thread 0x0000000013f38800 nmethod 3325 0x00000000030190d0 code [0x0000000003019220, 0x0000000003019428]
Event: 78.668 Thread 0x0000000013f3a800 3326       3       org.springframework.util.ReflectionUtils::findField (119 bytes)
Event: 78.670 Thread 0x0000000013f3a800 nmethod 3326 0x000000000303b350 code [0x000000000303b560, 0x000000000303c0c8]
Event: 78.671 Thread 0x0000000013f3a800 3327       3       java.lang.reflect.Field::hashCode (19 bytes)
Event: 78.672 Thread 0x0000000013f3a800 nmethod 3327 0x0000000003528610 code [0x00000000035287a0, 0x0000000003528d08]
Event: 78.744 Thread 0x0000000013f38800 3328       4       org.springframework.core.ResolvableType::as (86 bytes)

GC Heap History (10 events):
Event: 29.388 GC heap before
{Heap before GC invocations=8 (full 1):
 PSYoungGen      total 38400K, used 3996K [0x00000000f5d00000, 0x00000000fa900000, 0x0000000100000000)
  eden space 33792K, 0% used [0x00000000f5d00000,0x00000000f5d00000,0x00000000f7e00000)
  from space 4608K, 86% used [0x00000000f7e00000,0x00000000f81e7180,0x00000000f8280000)
  to   space 5120K, 0% used [0x00000000fa400000,0x00000000fa400000,0x00000000fa900000)
 ParOldGen       total 22016K, used 8717K [0x00000000e1600000, 0x00000000e2b80000, 0x00000000f5d00000)
  object space 22016K, 39% used [0x00000000e1600000,0x00000000e1e83790,0x00000000e2b80000)
 Metaspace       used 20649K, capacity 21204K, committed 21296K, reserved 1067008K
  class space    used 2633K, capacity 2822K, committed 2864K, reserved 1048576K
Event: 29.832 GC heap after
Heap after GC invocations=8 (full 1):
 PSYoungGen      total 38400K, used 0K [0x00000000f5d00000, 0x00000000fa900000, 0x0000000100000000)
  eden space 33792K, 0% used [0x00000000f5d00000,0x00000000f5d00000,0x00000000f7e00000)
  from space 4608K, 0% used [0x00000000f7e00000,0x00000000f7e00000,0x00000000f8280000)
  to   space 5120K, 0% used [0x00000000fa400000,0x00000000fa400000,0x00000000fa900000)
 ParOldGen       total 22528K, used 6846K [0x00000000e1600000, 0x00000000e2c00000, 0x00000000f5d00000)
  object space 22528K, 30% used [0x00000000e1600000,0x00000000e1cafad0,0x00000000e2c00000)
 Metaspace       used 20649K, capacity 21204K, committed 21296K, reserved 1067008K
  class space    used 2633K, capacity 2822K, committed 2864K, reserved 1048576K
}
Event: 38.681 GC heap before
{Heap before GC invocations=9 (full 1):
 PSYoungGen      total 38400K, used 33792K [0x00000000f5d00000, 0x00000000fa900000, 0x0000000100000000)
  eden space 33792K, 100% used [0x00000000f5d00000,0x00000000f7e00000,0x00000000f7e00000)
  from space 4608K, 0% used [0x00000000f7e00000,0x00000000f7e00000,0x00000000f8280000)
  to   space 5120K, 0% used [0x00000000fa400000,0x00000000fa400000,0x00000000fa900000)
 ParOldGen       total 22528K, used 6846K [0x00000000e1600000, 0x00000000e2c00000, 0x00000000f5d00000)
  object space 22528K, 30% used [0x00000000e1600000,0x00000000e1cafad0,0x00000000e2c00000)
 Metaspace       used 24029K, capacity 24802K, committed 25136K, reserved 1071104K
  class space    used 3062K, capacity 3261K, committed 3376K, reserved 1048576K
Event: 38.699 GC heap after
Heap after GC invocations=9 (full 1):
 PSYoungGen      total 54272K, used 4591K [0x00000000f5d00000, 0x00000000fa880000, 0x0000000100000000)
  eden space 49664K, 0% used [0x00000000f5d00000,0x00000000f5d00000,0x00000000f8d80000)
  from space 4608K, 99% used [0x00000000fa400000,0x00000000fa87be10,0x00000000fa880000)
  to   space 5632K, 0% used [0x00000000f9d80000,0x00000000f9d80000,0x00000000fa300000)
 ParOldGen       total 22528K, used 6854K [0x00000000e1600000, 0x00000000e2c00000, 0x00000000f5d00000)
  object space 22528K, 30% used [0x00000000e1600000,0x00000000e1cb1ad0,0x00000000e2c00000)
 Metaspace       used 24029K, capacity 24802K, committed 25136K, reserved 1071104K
  class space    used 3062K, capacity 3261K, committed 3376K, reserved 1048576K
}
Event: 63.493 GC heap before
{Heap before GC invocations=10 (full 1):
 PSYoungGen      total 54272K, used 54255K [0x00000000f5d00000, 0x00000000fa880000, 0x0000000100000000)
  eden space 49664K, 100% used [0x00000000f5d00000,0x00000000f8d80000,0x00000000f8d80000)
  from space 4608K, 99% used [0x00000000fa400000,0x00000000fa87be10,0x00000000fa880000)
  to   space 5632K, 0% used [0x00000000f9d80000,0x00000000f9d80000,0x00000000fa300000)
 ParOldGen       total 22528K, used 6854K [0x00000000e1600000, 0x00000000e2c00000, 0x00000000f5d00000)
  object space 22528K, 30% used [0x00000000e1600000,0x00000000e1cb1ad0,0x00000000e2c00000)
 Metaspace       used 28238K, capacity 29410K, committed 29488K, reserved 1075200K
  class space    used 3638K, capacity 3865K, committed 3888K, reserved 1048576K
Event: 63.663 GC heap after
Heap after GC invocations=10 (full 1):
 PSYoungGen      total 68608K, used 5605K [0x00000000f5d00000, 0x00000000fa880000, 0x0000000100000000)
  eden space 62976K, 0% used [0x00000000f5d00000,0x00000000f5d00000,0x00000000f9a80000)
  from space 5632K, 99% used [0x00000000f9d80000,0x00000000fa2f9480,0x00000000fa300000)
  to   space 5632K, 0% used [0x00000000fa300000,0x00000000fa300000,0x00000000fa880000)
 ParOldGen       total 22528K, used 9392K [0x00000000e1600000, 0x00000000e2c00000, 0x00000000f5d00000)
  object space 22528K, 41% used [0x00000000e1600000,0x00000000e1f2c318,0x00000000e2c00000)
 Metaspace       used 28238K, capacity 29410K, committed 29488K, reserved 1075200K
  class space    used 3638K, capacity 3865K, committed 3888K, reserved 1048576K
}
Event: 77.554 GC heap before
{Heap before GC invocations=11 (full 1):
 PSYoungGen      total 68608K, used 68581K [0x00000000f5d00000, 0x00000000fa880000, 0x0000000100000000)
  eden space 62976K, 100% used [0x00000000f5d00000,0x00000000f9a80000,0x00000000f9a80000)
  from space 5632K, 99% used [0x00000000f9d80000,0x00000000fa2f9480,0x00000000fa300000)
  to   space 5632K, 0% used [0x00000000fa300000,0x00000000fa300000,0x00000000fa880000)
 ParOldGen       total 22528K, used 9392K [0x00000000e1600000, 0x00000000e2c00000, 0x00000000f5d00000)
  object space 22528K, 41% used [0x00000000e1600000,0x00000000e1f2c318,0x00000000e2c00000)
 Metaspace       used 32279K, capacity 33538K, committed 33840K, reserved 1079296K
  class space    used 4121K, capacity 4381K, committed 4400K, reserved 1048576K
Event: 77.653 GC heap after
Heap after GC invocations=11 (full 1):
 PSYoungGen      total 66560K, used 5620K [0x00000000f5d00000, 0x00000000fbf00000, 0x0000000100000000)
  eden space 60928K, 0% used [0x00000000f5d00000,0x00000000f5d00000,0x00000000f9880000)
  from space 5632K, 99% used [0x00000000fa300000,0x00000000fa87d050,0x00000000fa880000)
  to   space 10752K, 0% used [0x00000000f9880000,0x00000000f9880000,0x00000000fa300000)
 ParOldGen       total 22528K, used 18360K [0x00000000e1600000, 0x00000000e2c00000, 0x00000000f5d00000)
  object space 22528K, 81% used [0x00000000e1600000,0x00000000e27ee0b8,0x00000000e2c00000)
 Metaspace       used 32279K, capacity 33538K, committed 33840K, reserved 1079296K
  class space    used 4121K, capacity 4381K, committed 4400K, reserved 1048576K
}
Event: 77.653 GC heap before
{Heap before GC invocations=12 (full 2):
 PSYoungGen      total 66560K, used 5620K [0x00000000f5d00000, 0x00000000fbf00000, 0x0000000100000000)
  eden space 60928K, 0% used [0x00000000f5d00000,0x00000000f5d00000,0x00000000f9880000)
  from space 5632K, 99% used [0x00000000fa300000,0x00000000fa87d050,0x00000000fa880000)
  to   space 10752K, 0% used [0x00000000f9880000,0x00000000f9880000,0x00000000fa300000)
 ParOldGen       total 22528K, used 18360K [0x00000000e1600000, 0x00000000e2c00000, 0x00000000f5d00000)
  object space 22528K, 81% used [0x00000000e1600000,0x00000000e27ee0b8,0x00000000e2c00000)
 Metaspace       used 32279K, capacity 33538K, committed 33840K, reserved 1079296K
  class space    used 4121K, capacity 4381K, committed 4400K, reserved 1048576K
Event: 78.479 GC heap after
Heap after GC invocations=12 (full 2):
 PSYoungGen      total 66560K, used 0K [0x00000000f5d00000, 0x00000000fbf00000, 0x0000000100000000)
  eden space 60928K, 0% used [0x00000000f5d00000,0x00000000f5d00000,0x00000000f9880000)
  from space 5632K, 0% used [0x00000000fa300000,0x00000000fa300000,0x00000000fa880000)
  to   space 10752K, 0% used [0x00000000f9880000,0x00000000f9880000,0x00000000fa300000)
 ParOldGen       total 22528K, used 19209K [0x00000000e1600000, 0x00000000e2c00000, 0x00000000f5d00000)
  object space 22528K, 85% used [0x00000000e1600000,0x00000000e28c25a0,0x00000000e2c00000)
 Metaspace       used 32279K, capacity 33538K, committed 33840K, reserved 1079296K
  class space    used 4121K, capacity 4381K, committed 4400K, reserved 1048576K
}

Deoptimization events (10 events):
Event: 67.303 Thread 0x0000000016d02800 Uncommon trap: reason=class_check action=maybe_recompile pc=0x00000000033df4f4 method=java.util.zip.InflaterInputStream.read([BII)I @ 100
Event: 67.304 Thread 0x0000000016d02800 Uncommon trap: reason=class_check action=maybe_recompile pc=0x00000000033df4f4 method=java.util.zip.InflaterInputStream.read([BII)I @ 100
Event: 69.426 Thread 0x0000000016d02800 Uncommon trap: reason=predicate action=maybe_recompile pc=0x000000000307ec2c method=java.util.AbstractCollection.toArray([Ljava/lang/Object;)[Ljava/lang/Object; @ 49
Event: 69.993 Thread 0x0000000002c73800 Uncommon trap: reason=bimorphic action=maybe_recompile pc=0x00000000031a1278 method=java.util.Hashtable.get(Ljava/lang/Object;)Ljava/lang/Object; @ 6
Event: 69.993 Thread 0x0000000002c73800 Uncommon trap: reason=bimorphic action=maybe_recompile pc=0x00000000031a1278 method=java.util.Hashtable.get(Ljava/lang/Object;)Ljava/lang/Object; @ 6
Event: 70.500 Thread 0x0000000002c73800 Uncommon trap: reason=array_check action=maybe_recompile pc=0x00000000035e63ec method=java.util.AbstractCollection.toArray([Ljava/lang/Object;)[Ljava/lang/Object; @ 119
Event: 70.558 Thread 0x0000000002c73800 Uncommon trap: reason=array_check action=maybe_recompile pc=0x00000000035e63ec method=java.util.AbstractCollection.toArray([Ljava/lang/Object;)[Ljava/lang/Object; @ 119
Event: 70.558 Thread 0x0000000002c73800 Uncommon trap: reason=array_check action=maybe_recompile pc=0x00000000035e63ec method=java.util.AbstractCollection.toArray([Ljava/lang/Object;)[Ljava/lang/Object; @ 119
Event: 70.567 Thread 0x0000000002c73800 Uncommon trap: reason=array_check action=maybe_recompile pc=0x00000000035e63ec method=java.util.AbstractCollection.toArray([Ljava/lang/Object;)[Ljava/lang/Object; @ 119
Event: 74.807 Thread 0x0000000002c73800 Uncommon trap: reason=unstable_if action=reinterpret pc=0x00000000037e58fc method=org.springframework.beans.factory.support.AbstractBeanFactory.isTypeMatch(Ljava/lang/String;Lorg/springframework/core/ResolvableType;)Z @ 66

Classes redefined (0 events):
No events

Internal exceptions (10 events):
Event: 78.561 Thread 0x0000000002c73800 Exception <a 'java/lang/ClassNotFoundException': java/lang/ObjectCustomizer> (0x00000000f5d7c128) thrown at [C:\re\workspace\8-2-build-windows-amd64-cygwin\jdk8u181\11358\hotspot\src\share\vm\classfile\systemDictionary.cpp, line 210]
Event: 78.563 Thread 0x0000000002c73800 Exception <a 'java/lang/ClassNotFoundException': org/springframework/util/AntPathMatcherCustomizer> (0x00000000f5d8a9d8) thrown at [C:\re\workspace\8-2-build-windows-amd64-cygwin\jdk8u181\11358\hotspot\src\share\vm\classfile\systemDictionary.cpp, line 210
Event: 78.589 Thread 0x0000000002c73800 Exception <a 'java/lang/ClassNotFoundException': org/springframework/util/PathMatcherCustomizer> (0x00000000f5da1bf0) thrown at [C:\re\workspace\8-2-build-windows-amd64-cygwin\jdk8u181\11358\hotspot\src\share\vm\classfile\systemDictionary.cpp, line 210]
Event: 78.653 Thread 0x0000000002c73800 Exception <a 'java/lang/ClassNotFoundException': java/lang/ObjectCustomizer> (0x00000000f5db67b8) thrown at [C:\re\workspace\8-2-build-windows-amd64-cygwin\jdk8u181\11358\hotspot\src\share\vm\classfile\systemDictionary.cpp, line 210]
Event: 78.663 Thread 0x0000000002c73800 Exception <a 'java/lang/ClassNotFoundException': org/springframework/web/util/UrlPathHelperCustomizer> (0x00000000f5dc4c20) thrown at [C:\re\workspace\8-2-build-windows-amd64-cygwin\jdk8u181\11358\hotspot\src\share\vm\classfile\systemDictionary.cpp, line 
Event: 78.678 Thread 0x0000000002c73800 Exception <a 'java/lang/ClassNotFoundException': java/lang/ObjectCustomizer> (0x00000000f5def2a0) thrown at [C:\re\workspace\8-2-build-windows-amd64-cygwin\jdk8u181\11358\hotspot\src\share\vm\classfile\systemDictionary.cpp, line 210]
Event: 78.684 Thread 0x0000000002c73800 Exception <a 'java/lang/ClassNotFoundException': org/springframework/context/support/ApplicationObjectSupportCustomizer> (0x00000000f5dff9b0) thrown at [C:\re\workspace\8-2-build-windows-amd64-cygwin\jdk8u181\11358\hotspot\src\share\vm\classfile\systemDic
Event: 78.696 Thread 0x0000000002c73800 Exception <a 'java/lang/ClassNotFoundException': org/springframework/web/context/support/WebApplicationObjectSupportCustomizer> (0x00000000f5e12210) thrown at [C:\re\workspace\8-2-build-windows-amd64-cygwin\jdk8u181\11358\hotspot\src\share\vm\classfile\sy
Event: 78.719 Thread 0x0000000002c73800 Exception <a 'java/lang/ClassNotFoundException': org/springframework/web/servlet/handler/AbstractHandlerMappingCustomizer> (0x00000000f5e21a80) thrown at [C:\re\workspace\8-2-build-windows-amd64-cygwin\jdk8u181\11358\hotspot\src\share\vm\classfile\systemD
Event: 78.742 Thread 0x0000000002c73800 Exception <a 'java/lang/ClassNotFoundException': org/springframework/web/servlet/config/annotation/WebMvcConfigurationSupport$EmptyHandlerMappingCustomizer> (0x00000000f5e4cba8) thrown at [C:\re\workspace\8-2-build-windows-amd64-cygwin\jdk8u181\11358\hots

Events (10 events):
Event: 78.718 loading class org/springframework/web/servlet/handler/AbstractHandlerMappingCustomizer
Event: 78.718 loading class org/springframework/web/servlet/handler/AbstractHandlerMappingCustomizer done
Event: 78.721 loading class org/springframework/web/servlet/config/annotation/WebMvcConfigurationSupport$EmptyHandlerMappingCustomizer
Event: 78.721 loading class org/springframework/web/servlet/config/annotation/WebMvcConfigurationSupport$EmptyHandlerMappingCustomizer done
Event: 78.731 loading class org/springframework/web/servlet/config/annotation/WebMvcConfigurationSupport$EmptyHandlerMappingCustomizer
Event: 78.731 loading class org/springframework/web/servlet/config/annotation/WebMvcConfigurationSupport$EmptyHandlerMappingCustomizer done
Event: 78.742 loading class org/springframework/web/servlet/config/annotation/WebMvcConfigurationSupport$EmptyHandlerMappingCustomizer
Event: 78.742 loading class org/springframework/web/servlet/config/annotation/WebMvcConfigurationSupport$EmptyHandlerMappingCustomizer done
Event: 79.573 loading class org/springframework/web/servlet/HandlerMappingCustomizer
Event: 79.573 loading class org/springframework/web/servlet/HandlerMappingCustomizer done


Dynamic libraries:
0x00007ff693880000 - 0x00007ff6938b7000 	C:\Program Files\Java\jdk1.8.0_181\bin\java.exe
0x00007ffa66720000 - 0x00007ffa668e1000 	C:\Windows\SYSTEM32\ntdll.dll
0x00007ffa66640000 - 0x00007ffa666ed000 	C:\Windows\system32\KERNEL32.DLL
0x00007ffa62da0000 - 0x00007ffa62f88000 	C:\Windows\system32\KERNELBASE.dll
0x00007ffa63ed0000 - 0x00007ffa63f77000 	C:\Windows\system32\ADVAPI32.dll
0x00007ffa65940000 - 0x00007ffa659dd000 	C:\Windows\system32\msvcrt.dll
0x00007ffa63d00000 - 0x00007ffa63d5b000 	C:\Windows\system32\sechost.dll
0x00007ffa66370000 - 0x00007ffa6648d000 	C:\Windows\system32\RPCRT4.dll
0x00007ffa657e0000 - 0x00007ffa65936000 	C:\Windows\system32\USER32.dll
0x00007ffa65d20000 - 0x00007ffa65ea7000 	C:\Windows\system32\GDI32.dll
0x00007ffa56d10000 - 0x00007ffa56f84000 	C:\Windows\WinSxS\amd64_microsoft.windows.common-controls_6595b64144ccf1df_6.0.10586.839_none_a2ddba30a539a2ae\COMCTL32.dll
0x00007ffa64000000 - 0x00007ffa6427e000 	C:\Windows\system32\combase.dll
0x00007ffa63970000 - 0x00007ffa639da000 	C:\Windows\system32\bcryptPrimitives.dll
0x00007ffa63e90000 - 0x00007ffa63ecb000 	C:\Windows\system32\IMM32.DLL
0x0000000069e90000 - 0x0000000069f62000 	C:\Program Files\Java\jdk1.8.0_181\jre\bin\msvcr100.dll
0x0000000069f70000 - 0x000000006a812000 	C:\Program Files\Java\jdk1.8.0_181\jre\bin\server\jvm.dll
0x00007ffa63cf0000 - 0x00007ffa63cf8000 	C:\Windows\system32\PSAPI.DLL
0x00007ffa5c1a0000 - 0x00007ffa5c1a9000 	C:\Windows\SYSTEM32\WSOCK32.dll
0x00007ffa63f80000 - 0x00007ffa63feb000 	C:\Windows\system32\WS2_32.dll
0x00007ffa614d0000 - 0x00007ffa614f3000 	C:\Windows\SYSTEM32\WINMM.dll
0x00007ffa54a60000 - 0x00007ffa54a6a000 	C:\Windows\SYSTEM32\VERSION.dll
0x0000000002ae0000 - 0x0000000002b0c000 	C:\Windows\SYSTEM32\WINMMBASE.dll
0x00007ffa631f0000 - 0x00007ffa63233000 	C:\Windows\system32\cfgmgr32.dll
0x000000006a9f0000 - 0x000000006a9ff000 	C:\Program Files\Java\jdk1.8.0_181\jre\bin\verify.dll
0x000000006a9c0000 - 0x000000006a9e9000 	C:\Program Files\Java\jdk1.8.0_181\jre\bin\java.dll
0x000000006a9a0000 - 0x000000006a9b6000 	C:\Program Files\Java\jdk1.8.0_181\jre\bin\zip.dll
0x00007ffa64280000 - 0x00007ffa657dc000 	C:\Windows\system32\SHELL32.dll
0x00007ffa63320000 - 0x00007ffa63965000 	C:\Windows\system32\windows.storage.dll
0x00007ffa63e30000 - 0x00007ffa63e82000 	C:\Windows\system32\shlwapi.dll
0x00007ffa62d80000 - 0x00007ffa62d8f000 	C:\Windows\system32\kernel.appcore.dll
0x00007ffa63240000 - 0x00007ffa632f5000 	C:\Windows\system32\shcore.dll
0x00007ffa62d30000 - 0x00007ffa62d7b000 	C:\Windows\system32\powrprof.dll
0x00007ffa62d10000 - 0x00007ffa62d24000 	C:\Windows\system32\profapi.dll
0x00000000698d0000 - 0x00000000698dd000 	C:\Program Files\Java\jdk1.8.0_181\jre\bin\management.dll
0x000000006a980000 - 0x000000006a99a000 	C:\Program Files\Java\jdk1.8.0_181\jre\bin\net.dll
0x00007ffa625e0000 - 0x00007ffa6263c000 	C:\Windows\system32\mswsock.dll
0x00007ffa58280000 - 0x00007ffa58296000 	C:\Windows\system32\napinsp.dll
0x00007ffa58880000 - 0x00007ffa5889a000 	C:\Windows\system32\pnrpnsp.dll
0x00007ffa60640000 - 0x00007ffa60658000 	C:\Windows\system32\NLAapi.dll
0x00007ffa617f0000 - 0x00007ffa6189a000 	C:\Windows\SYSTEM32\DNSAPI.dll
0x00007ffa66340000 - 0x00007ffa66348000 	C:\Windows\system32\NSI.dll
0x00007ffa61500000 - 0x00007ffa6150d000 	C:\Windows\System32\winrnr.dll
0x00007ffa5c370000 - 0x00007ffa5c385000 	C:\Windows\System32\wshbth.dll
0x00007ffa55f00000 - 0x00007ffa55f0a000 	C:\Windows\System32\rasadhlp.dll
0x00007ffa5ba00000 - 0x00007ffa5ba38000 	C:\Windows\SYSTEM32\IPHLPAPI.DLL
0x00007ffa59500000 - 0x00007ffa59567000 	C:\Windows\System32\fwpuclnt.dll
0x00007ffa62c40000 - 0x00007ffa62c69000 	C:\Windows\SYSTEM32\bcrypt.dll
0x0000000069e70000 - 0x0000000069e81000 	C:\Program Files\Java\jdk1.8.0_181\jre\bin\nio.dll
0x00007ffa62690000 - 0x00007ffa626a7000 	C:\Windows\SYSTEM32\CRYPTSP.dll
0x00007ffa62320000 - 0x00007ffa62354000 	C:\Windows\system32\rsaenh.dll
0x00007ffa62470000 - 0x00007ffa6248f000 	C:\Windows\SYSTEM32\USERENV.dll
0x00007ffa627b0000 - 0x00007ffa627bb000 	C:\Windows\SYSTEM32\CRYPTBASE.dll
0x00007ffa589d0000 - 0x00007ffa589e6000 	C:\Windows\SYSTEM32\dhcpcsvc6.DLL
0x00007ffa5b120000 - 0x00007ffa5b13a000 	C:\Windows\SYSTEM32\dhcpcsvc.DLL

VM Arguments:
java_command: domproj.DomApplication
java_class_path (initial): D:\dom\domserver\target\classes;C:\Users\palka\.m2\repository\org\springframework\boot\spring-boot-starter-web\2.0.5.RELEASE\spring-boot-starter-web-2.0.5.RELEASE.jar;C:\Users\palka\.m2\repository\org\springframework\boot\spring-boot-starter\2.0.5.RELEASE\spring-boot-starter-2.0.5.RELEASE.jar;C:\Users\palka\.m2\repository\org\springframework\boot\spring-boot\2.0.5.RELEASE\spring-boot-2.0.5.RELEASE.jar;C:\Users\palka\.m2\repository\org\springframework\boot\spring-boot-autoconfigure\2.0.5.RELEASE\spring-boot-autoconfigure-2.0.5.RELEASE.jar;C:\Users\palka\.m2\repository\org\springframework\boot\spring-boot-starter-logging\2.0.5.RELEASE\spring-boot-starter-logging-2.0.5.RELEASE.jar;C:\Users\palka\.m2\repository\ch\qos\logback\logback-classic\1.2.3\logback-classic-1.2.3.jar;C:\Users\palka\.m2\repository\ch\qos\logback\logback-core\1.2.3\logback-core-1.2.3.jar;C:\Users\palka\.m2\repository\org\apache\logging\log4j\log4j-to-slf4j\2.10.0\log4j-to-slf4j-2.10.0.jar;C:\Users\palka\.m2\repository\org\apache\logging\log4j\log4j-api\2.10.0\log4j-api-2.10.0.jar;C:\Users\palka\.m2\repository\org\slf4j\jul-to-slf4j\1.7.25\jul-to-slf4j-1.7.25.jar;C:\Users\palka\.m2\repository\javax\annotation\javax.annotation-api\1.3.2\javax.annotation-api-1.3.2.jar;C:\Users\palka\.m2\repository\org\yaml\snakeyaml\1.19\snakeyaml-1.19.jar;C:\Users\palka\.m2\repository\org\springframework\boot\spring-boot-starter-json\2.0.5.RELEASE\spring-boot-starter-json-2.0.5.RELEASE.jar;C:\Users\palka\.m2\repository\com\fasterxml\jackson\core\jackson-databind\2.9.6\jackson-databind-2.9.6.jar;C:\Users\palka\.m2\repository\com\fasterxml\jackson\core\jackson-annotations\2.9.0\jackson-annotations-2.9.0.jar;C:\Users\palka\.m2\repository\com\fasterxml\jackson\core\jackson-core\2.9.6\jackson-core-2.9.6.jar;C:\Users\palka\.m2\repository\com\fasterxml\jackson\datatype\jackson-datatype-jdk8\2.9.6\jackson-datatype-jdk8-2.9.6.jar;C:\Users\palka\.m2\repository\com\fasterxml\jackson\datatype\jackson-
Launcher Type: SUN_STANDARD

Environment Variables:
JAVA_HOME=C:\Program Files\Java\jdk1.8.0_181
PATH=C:\Program Files (x86)\Common Files\Oracle\Java\javapath;C:\Program Files\Java\jdk1.8.0_161\bin;C:\Program Files\nodejs\;C:\Program Files\Git\cmd;C:\Users\palka\AppData\Roaming\npm;C:\Program Files\heroku\bin
USERNAME=palka
OS=Windows_NT
PROCESSOR_IDENTIFIER=Intel64 Family 6 Model 76 Stepping 4, GenuineIntel



---------------  S Y S T E M  ---------------

OS: Windows 10.0 , 64 bit Build 10586 (10.0.10586.589)

CPU:total 2 (initial active 2) (2 cores per cpu, 1 threads per core) family 6 model 76 stepping 4, cmov, cx8, fxsr, mmx, sse, sse2, sse3, ssse3, sse4.1, sse4.2, popcnt, aes, clmul, erms, 3dnowpref, tsc, tscinvbit

Memory: 4k page, physical 2006288k(179168k free), swap 4489708k(6076k free)

vm_info: Java HotSpot(TM) 64-Bit Server VM (25.181-b13) for windows-amd64 JRE (1.8.0_181-b13), built on Jul  7 2018 04:01:33 by "java_re" with MS VC++ 10.0 (VS2010)

time: Fri Oct 19 10:17:17 2018
elapsed time: 79 seconds (0d 0h 1m 19s)

